2022.09.17 20:41:05 INFO  tracing is disabled for protocol LSP, to enable tracing of incoming and outgoing JSON messages create an empty file at /home/kchirchir/bigdata/workspace_dc/workspace_dc2/spark_custom/.metals/lsp.trace.json or /home/kchirchir/.cache/metals/lsp.trace.json[0m
2022.09.17 20:41:06 INFO  logging to file /home/kchirchir/bigdata/workspace_dc/workspace_dc2/spark_custom/.metals/metals.log[0m
2022.09.17 20:41:06 INFO  Started: Metals version 0.11.8 in workspace '/home/kchirchir/bigdata/workspace_dc/workspace_dc2/spark_custom' for client Visual Studio Code 1.71.2.[0m
2022.09.17 20:41:08 WARN  Flyway upgrade recommended: H2 2.1.214 is newer than this version of Flyway and support has not been tested. The latest supported version of H2 is 2.1.210.[0m
2022.09.17 20:41:09 INFO  time: initialize in 3.4s[0m
2022.09.17 20:41:09 WARN  Build server is not auto-connectable.[0m
2022.09.17 20:41:09 WARN  no build tool detected in workspace '/home/kchirchir/bigdata/workspace_dc/workspace_dc2/spark_custom'. The most common cause for this problem is that the editor was opened in the wrong working directory, for example if you use sbt then the workspace directory should contain build.sbt. [0m
Sep 17, 2022 8:54:35 PM org.eclipse.lsp4j.jsonrpc.RemoteEndpoint handleCancellation
WARNING: Unmatched cancel notification for request id 210
2022.09.18 10:57:10 INFO  tracing is disabled for protocol LSP, to enable tracing of incoming and outgoing JSON messages create an empty file at /home/kchirchir/bigdata/workspace_dc/workspace_dc2/spark_custom/.metals/lsp.trace.json or /home/kchirchir/.cache/metals/lsp.trace.json
2022.09.18 10:57:11 INFO  logging to file /home/kchirchir/bigdata/workspace_dc/workspace_dc2/spark_custom/.metals/metals.log
2022.09.18 10:57:11 INFO  Started: Metals version 0.11.8 in workspace '/home/kchirchir/bigdata/workspace_dc/workspace_dc2/spark_custom' for client Visual Studio Code 1.71.2.
2022.09.18 10:57:13 WARN  Flyway upgrade recommended: H2 2.1.214 is newer than this version of Flyway and support has not been tested. The latest supported version of H2 is 2.1.210.
2022.09.18 10:57:14 INFO  time: initialize in 2.48s
2022.09.18 10:57:14 WARN  Build server is not auto-connectable.
2022.09.18 10:57:14 WARN  no build tool detected in workspace '/home/kchirchir/bigdata/workspace_dc/workspace_dc2/spark_custom'. The most common cause for this problem is that the editor was opened in the wrong working directory, for example if you use sbt then the workspace directory should contain build.sbt. 
2022.09.18 10:57:14 WARN  no build target for: /home/kchirchir/bigdata/workspace_dc/workspace_dc2/spark_custom/spark-code.scala
2022.09.18 10:57:43 INFO  no build target found for /home/kchirchir/bigdata/workspace_dc/workspace_dc2/spark_custom/spark-code.scala. Using presentation compiler with project's scala-library version: 3.1.3
2022.09.18 10:57:45 INFO  time: code lens generation in 30s
2022.09.19 10:02:59 INFO  tracing is disabled for protocol LSP, to enable tracing of incoming and outgoing JSON messages create an empty file at /home/kchirchir/bigdata/workspace_dc/workspace_dc2/spark_custom/.metals/lsp.trace.json or /home/kchirchir/.cache/metals/lsp.trace.json
2022.09.19 10:03:00 INFO  logging to file /home/kchirchir/bigdata/workspace_dc/workspace_dc2/spark_custom/.metals/metals.log
2022.09.19 10:03:00 INFO  Started: Metals version 0.11.8 in workspace '/home/kchirchir/bigdata/workspace_dc/workspace_dc2/spark_custom' for client Visual Studio Code 1.71.2.
2022.09.19 10:03:01 WARN  Flyway upgrade recommended: H2 2.1.214 is newer than this version of Flyway and support has not been tested. The latest supported version of H2 is 2.1.210.
2022.09.19 10:03:02 INFO  time: initialize in 2.74s
2022.09.19 10:03:03 WARN  Build server is not auto-connectable.
2022.09.19 10:03:03 WARN  no build tool detected in workspace '/home/kchirchir/bigdata/workspace_dc/workspace_dc2/spark_custom'. The most common cause for this problem is that the editor was opened in the wrong working directory, for example if you use sbt then the workspace directory should contain build.sbt. 
2022.09.19 10:03:03 WARN  no build target for: /home/kchirchir/bigdata/workspace_dc/workspace_dc2/spark_custom/spark-code.scala
2022.09.19 10:03:06 INFO  no build target found for /home/kchirchir/bigdata/workspace_dc/workspace_dc2/spark_custom/spark-code.scala. Using presentation compiler with project's scala-library version: 3.1.3
2022.09.19 10:03:09 INFO  time: code lens generation in 5.35s
2022.09.20 11:58:07 INFO  shutting down Metals
